{
  message: 'Database connected successfully',
  level: 'info',
  label: 'PH',
  timestamp: '2023-06-07T04:32:06.082Z'
}
{
  message: 'SIGTERM is received',
  level: 'info',
  label: 'PH',
  timestamp: '2023-06-07T04:32:46.059Z'
}
{
  message: 'Database connected successfully',
  level: 'info',
  label: 'PH',
  timestamp: '2023-06-07T04:35:22.221Z'
}
{
  message: 'Application is listening on port 5000',
  level: 'info',
  label: 'PH',
  timestamp: '2023-06-07T04:35:22.228Z'
}
{
  message: 'SIGTERM is received',
  level: 'info',
  label: 'PH',
  timestamp: '2023-06-07T04:36:52.973Z'
}
